... 71750502 0 	> 0 1 1 0 +1000
... 71751683 1 < 0 1 1 0 *
... 71751743 1 	> 1 2 1 0
... 71751783 1 	> 1 3 1 0
... 71751783 1 	> 1 4 1 0
... 71751793 0 < 1 2 1 0
... 71751793 0 < 1 3 1 0
... 71751793 0 < 1 4 1 0
... 71751813 0 	> 1 2 1 0 +10
... 71751823 2 < 1 2 1 0 *
... 71751843 2 	> 2 3 1 0
... 71751853 0 < 2 3 1 0
... 71751873 0 	> 2 3 1 0 +10
... 71751883 3 < 2 3 1 0 *
... 71751903 3 	> 3 1 1 0
... 71751913 3 	> 3 4 1 0
... 71751913 0 < 3 1 1 0
... 71751913 0 < 3 4 1 0
... 71751933 0 	> 3 1 1 0 +10
... 71751933 0 	> 3 4 1 0 +10
... 71751933 1 < 3 1 1 0 
... 71751943 4 < 3 4 1 0 *
... 71751963 4 	> 4 1 1 0
... 71751973 0 < 4 1 1 0
... 71751993 0 	> 4 1 1 0 +10
... 71751993 1 < 4 1 1 0 
... 71754803 0 	> 1 3 1 0 +3000
... 71754803 3 < 1 3 1 0 
... 71757804 0 	> 1 4 1 0 +6000
... 71757804 4 < 1 4 1 0 
... 71757804 4 	> 4 3 2 1
... 71757804 0 < 4 3 2 1
... 71763815 0 	> 4 3 2 1 +6000
... 71763815 3 < 4 3 2 1 
... 71763815 3 	> 3 2 2 2
... 71763815 0 < 3 2 2 2
... 71769827 0 	> 3 2 2 2 +6000
... 71769827 2 < 3 2 2 2 
... 71769827 2 	> 2 1 2 3
... 71769827 0 < 2 1 2 3
... 71775838 0 	> 2 1 2 3 +6000
... 71775838 1 < 2 1 2 3 
... 71775838 1 	> 1 0 2 4
... 71775838 0 < 1 0 2 4
