... 71751683 1 < 0 1 1 0 *
... 71751743 1 	> 1 2 1 0
... 71751783 1 	> 1 3 1 0
... 71751783 1 	> 1 4 1 0
... 71751823 2 < 1 2 1 0 *
... 71751843 2 	> 2 3 1 0
... 71751883 3 < 2 3 1 0 *
... 71751903 3 	> 3 1 1 0
... 71751913 3 	> 3 4 1 0
... 71751933 1 < 3 1 1 0 
... 71751943 4 < 3 4 1 0 *
... 71751963 4 	> 4 1 1 0
... 71751993 1 < 4 1 1 0 
... 71754803 3 < 1 3 1 0 
... 71757804 4 < 1 4 1 0 
... 71757804 4 	> 4 3 2 1
... 71763815 3 < 4 3 2 1 
... 71763815 3 	> 3 2 2 2
... 71769827 2 < 3 2 2 2 
... 71769827 2 	> 2 1 2 3
... 71775838 1 < 2 1 2 3 
... 71775838 1 	> 1 0 2 4
